2025-02-03 15:32:12:3212 [32minfo[39m: [32m	Server started on port 8000[39m
2025-02-03 16:00:08:08 [32minfo[39m: [32m	Server started on port 8000[39m
2025-02-03 17:58:55:5855 [32minfo[39m: [32m	Server started on port 8000[39m
2025-02-03 18:01:22:122 [32minfo[39m: [32m	Server started on port 8000[39m
2025-02-03 18:03:23:323 [32minfo[39m: [32m	Server started on port 8000[39m
2025-02-03 18:04:17:417 [32minfo[39m: [32m	Server started on port 8000[39m
2025-02-03 18:05:43:543 [32minfo[39m: [32m	Server started on port 8000[39m
2025-02-03 18:13:01:131 [32minfo[39m: [32m	Server started on port 8000[39m
2025-02-03 18:13:06:136 [32minfo[39m: [32m	Server started on port 8000[39m
2025-02-03 20:26:04:264 [31merror[39m: [31m	Bookmark not found with given id[39m
2025-02-03 20:26:05:265 [31merror[39m: [31m	Bookmark not found with given id[39m
2025-02-03 20:54:25:5425 [32minfo[39m: [32m	Server started on port 8000[39m
2025-02-03 20:56:50:5650 [32minfo[39m: [32m	Server started on port 8000[39m
2025-02-03 20:56:58:5658 [32minfo[39m: [32m	Server started on port 8000[39m
2025-02-03 20:57:14:5714 [32minfo[39m: [32m	Server started on port 8000[39m
2025-02-03 20:57:38:5738 [32minfo[39m: [32m	Server started on port 8000[39m
2025-02-03 21:06:09:69 [32minfo[39m: [32m	Server started on port 8000[39m
2025-02-03 21:09:51:951 [32minfo[39m: [32m	Server started on port 8000[39m
2025-02-03 21:10:04:104 [31merror[39m: [31m	[39m
[31mInvalid `prismaClient.guests.create()` invocation in[39m
[31m/Users/canerdemirci/Documents/MyDev/myblog_api/src/repositories/statistics.ts:115:35[39m

[31m  112 }[39m
[31m  113 [39m
[31m  114 async addNewGuestIp(ip: string) : Promise<void> {[39m
[31m→ 115     await prismaClient.guests.create([39m
[31mUnique constraint failed on the fields: (`ipadress`)[39m
2025-02-03 21:10:05:105 [31merror[39m: [31m	[39m
[31mInvalid `prismaClient.guests.create()` invocation in[39m
[31m/Users/canerdemirci/Documents/MyDev/myblog_api/src/repositories/statistics.ts:115:35[39m

[31m  112 }[39m
[31m  113 [39m
[31m  114 async addNewGuestIp(ip: string) : Promise<void> {[39m
[31m→ 115     await prismaClient.guests.create([39m
[31mUnique constraint failed on the fields: (`ipadress`)[39m
2025-02-03 21:10:05:105 [31merror[39m: [31m	[39m
[31mInvalid `prismaClient.guests.create()` invocation in[39m
[31m/Users/canerdemirci/Documents/MyDev/myblog_api/src/repositories/statistics.ts:115:35[39m

[31m  112 }[39m
[31m  113 [39m
[31m  114 async addNewGuestIp(ip: string) : Promise<void> {[39m
[31m→ 115     await prismaClient.guests.create([39m
[31mUnique constraint failed on the fields: (`ipadress`)[39m
2025-02-03 21:10:06:106 [31merror[39m: [31m	[39m
[31mInvalid `prismaClient.guests.create()` invocation in[39m
[31m/Users/canerdemirci/Documents/MyDev/myblog_api/src/repositories/statistics.ts:115:35[39m

[31m  112 }[39m
[31m  113 [39m
[31m  114 async addNewGuestIp(ip: string) : Promise<void> {[39m
[31m→ 115     await prismaClient.guests.create([39m
[31mUnique constraint failed on the fields: (`ipadress`)[39m
2025-02-03 21:10:06:106 [31merror[39m: [31m	[39m
[31mInvalid `prismaClient.guests.create()` invocation in[39m
[31m/Users/canerdemirci/Documents/MyDev/myblog_api/src/repositories/statistics.ts:115:35[39m

[31m  112 }[39m
[31m  113 [39m
[31m  114 async addNewGuestIp(ip: string) : Promise<void> {[39m
[31m→ 115     await prismaClient.guests.create([39m
[31mUnique constraint failed on the fields: (`ipadress`)[39m
2025-02-03 21:11:51:1151 [32minfo[39m: [32m	Server started on port 8000[39m
2025-02-03 21:22:35:2235 [32minfo[39m: [32m	Server started on port 8000[39m
2025-02-03 21:26:17:2617 [32minfo[39m: [32m	Server started on port 8000[39m
2025-02-03 21:34:13:3413 [32minfo[39m: [32m	Server started on port 8000[39m
2025-02-03 21:36:05:365 [32minfo[39m: [32m	Server started on port 8000[39m
2025-02-03 21:47:48:4748 [32minfo[39m: [32m	Server started on port 8000[39m
2025-02-03 22:05:35:535 [32minfo[39m: [32m	Server started on port 8000[39m
2025-02-03 22:05:37:537 [32minfo[39m: [32m	Server started on port 8000[39m
2025-02-03 22:08:51:851 [32minfo[39m: [32m	Server started on port 8000[39m
2025-02-03 22:12:31:1231 [32minfo[39m: [32m	Server started on port 8000[39m
2025-02-03 22:14:28:1428 [32minfo[39m: [32m	Server started on port 8000[39m
2025-02-03 22:16:14:1614 [32minfo[39m: [32m	Server started on port 8000[39m
2025-02-03 22:17:27:1727 [32minfo[39m: [32m	Server started on port 8000[39m
2025-02-03 22:19:20:1920 [32minfo[39m: [32m	Server started on port 8000[39m
2025-02-03 22:20:05:205 [32minfo[39m: [32m	Server started on port 8000[39m
2025-02-03 22:28:14:2814 [32minfo[39m: [32m	Server started on port 8000[39m
2025-02-03 22:41:13:4113 [32minfo[39m: [32m	Server started on port 8000[39m
2025-02-03 22:41:36:4136 [31merror[39m: [31m	Bookmark not found with given id[39m
2025-02-03 22:41:37:4137 [31merror[39m: [31m	Bookmark not found with given id[39m
2025-02-03 22:46:57:4657 [32minfo[39m: [32m	Server started on port 8000[39m
2025-02-03 22:52:49:5249 [32minfo[39m: [32m	Server started on port 8000[39m
2025-02-03 22:53:47:5347 [32minfo[39m: [32m	Server started on port 8000[39m
2025-02-03 22:54:04:544 [32minfo[39m: [32m	Server started on port 8000[39m
2025-02-03 22:56:57:5657 [32minfo[39m: [32m	Server started on port 8000[39m
2025-02-03 23:08:51:851 [32minfo[39m: [32m	Server started on port 8000[39m
2025-02-03 23:10:27:1027 [32minfo[39m: [32m	Server started on port 8000[39m
